<?xml version="1.0" encoding="UTF-8"?>
<!-- Generated by org.testng.reporters.JUnitXMLReporter -->
<testsuite hostname="renu-PC" ignored="0" name="Command line test" tests="3" failures="0" timestamp="07 Apr 2019 02:18:20 GMT" time="52.733" errors="0">
  <testcase name="VerifyContactpagelabel" time="0.084" classname="com.FreeCrm.qa.TestCases.ContactPageTest"/>
  <testcase name="homepagetitletest" time="0.03" classname="com.FreeCrm.qa.TestCases.HomePageTest"/>
  <testcase name="LoginPageTitletest" time="0.021" classname="com.FreeCrm.qa.TestCases.LoginPageTest"/>
</testsuite> <!-- Command line test -->
